mode: atomic
nemith.io/netconf/capability.go:37.40,38.13 1 20
nemith.io/netconf/capability.go:38.13,40.3 1 0
nemith.io/netconf/capability.go:42.2,42.17 1 20
nemith.io/netconf/capability.go:42.17,44.3 1 20
nemith.io/netconf/capability.go:46.2,46.25 1 0
nemith.io/netconf/capability.go:55.61,59.35 2 7
nemith.io/netconf/capability.go:59.35,62.3 2 13
nemith.io/netconf/capability.go:63.2,63.11 1 7
nemith.io/netconf/capability.go:67.35,69.2 1 0
nemith.io/netconf/capability.go:73.48,74.39 1 7
nemith.io/netconf/capability.go:74.39,75.28 1 7
nemith.io/netconf/capability.go:75.28,76.19 1 6
nemith.io/netconf/capability.go:76.19,78.5 1 0
nemith.io/netconf/capability.go:85.44,89.2 3 7
nemith.io/netconf/msg.go:36.40,38.2 1 0
nemith.io/netconf/msg.go:43.50,43.81 1 0
nemith.io/netconf/msg.go:46.45,50.27 2 2
nemith.io/netconf/msg.go:50.27,52.3 1 0
nemith.io/netconf/msg.go:53.2,53.12 1 2
nemith.io/netconf/msg.go:57.28,63.2 1 2
nemith.io/netconf/msg.go:133.34,135.2 1 0
nemith.io/netconf/msg.go:142.62,143.20 1 0
nemith.io/netconf/msg.go:143.20,145.3 1 0
nemith.io/netconf/msg.go:147.2,148.27 2 0
nemith.io/netconf/msg.go:148.27,149.31 1 0
nemith.io/netconf/msg.go:149.31,150.12 1 0
nemith.io/netconf/msg.go:152.3,152.43 1 0
nemith.io/netconf/msg.go:154.2,154.21 1 0
nemith.io/netconf/msg.go:157.38,158.20 1 0
nemith.io/netconf/msg.go:158.20,160.3 1 0
nemith.io/netconf/msg.go:162.2,162.20 1 0
nemith.io/netconf/msg.go:162.20,164.3 1 0
nemith.io/netconf/msg.go:166.2,168.27 3 0
nemith.io/netconf/msg.go:168.27,169.12 1 0
nemith.io/netconf/msg.go:169.12,171.4 1 0
nemith.io/netconf/msg.go:172.3,172.30 1 0
nemith.io/netconf/msg.go:174.2,174.20 1 0
nemith.io/netconf/msg.go:177.38,178.20 1 0
nemith.io/netconf/msg.go:178.20,180.3 1 0
nemith.io/netconf/msg.go:181.2,181.20 1 0
nemith.io/netconf/msg.go:181.20,183.3 1 0
nemith.io/netconf/msg.go:185.2,186.27 2 0
nemith.io/netconf/msg.go:186.27,188.3 1 0
nemith.io/netconf/msg.go:189.2,189.36 1 0
nemith.io/netconf/msg.go:223.38,225.24 1 0
nemith.io/netconf/msg.go:225.24,227.3 1 0
nemith.io/netconf/msg.go:229.2,229.36 1 0
nemith.io/netconf/msg.go:229.36,230.38 1 0
nemith.io/netconf/msg.go:230.38,233.4 2 0
nemith.io/netconf/msg.go:236.2,236.11 1 0
nemith.io/netconf/msg.go:239.53,240.21 1 1
nemith.io/netconf/msg.go:240.21,242.3 1 0
nemith.io/netconf/msg.go:243.2,243.25 1 1
nemith.io/netconf/msg.go:246.33,247.21 1 4
nemith.io/netconf/msg.go:247.21,249.3 1 0
nemith.io/netconf/msg.go:250.2,250.25 1 4
nemith.io/netconf/msg.go:255.45,256.15 1 1
nemith.io/netconf/msg.go:256.15,258.3 1 1
nemith.io/netconf/msg.go:260.2,260.52 1 1
nemith.io/netconf/msg.go:260.52,262.3 1 0
nemith.io/netconf/msg.go:264.2,264.12 1 1
nemith.io/netconf/msg.go:270.77,275.56 2 4
nemith.io/netconf/msg.go:275.56,277.3 1 0
nemith.io/netconf/msg.go:279.2,280.12 2 4
nemith.io/netconf/msg.go:283.74,290.2 2 4
nemith.io/netconf/session.go:49.50,51.2 1 0
nemith.io/netconf/session.go:53.59,55.2 1 0
nemith.io/netconf/session.go:61.46,63.2 1 0
nemith.io/netconf/session.go:68.52,70.2 1 0
nemith.io/netconf/session.go:76.52,78.2 1 2
nemith.io/netconf/session.go:84.73,86.2 1 2
nemith.io/netconf/session.go:108.80,114.27 2 3
nemith.io/netconf/session.go:114.27,116.3 1 2
nemith.io/netconf/session.go:118.2,129.10 3 3
nemith.io/netconf/session.go:134.83,138.38 2 3
nemith.io/netconf/session.go:138.38,141.3 2 0
nemith.io/netconf/session.go:143.2,144.15 2 3
nemith.io/netconf/session.go:148.37,154.16 3 7
nemith.io/netconf/session.go:154.16,156.3 1 0
nemith.io/netconf/session.go:157.2,157.15 1 7
nemith.io/netconf/session.go:157.15,160.3 1 7
nemith.io/netconf/session.go:162.2,162.61 1 7
nemith.io/netconf/session.go:162.61,164.3 1 0
nemith.io/netconf/session.go:165.2,165.34 1 7
nemith.io/netconf/session.go:165.34,167.3 1 0
nemith.io/netconf/session.go:169.2,170.16 2 7
nemith.io/netconf/session.go:170.16,172.3 1 0
nemith.io/netconf/session.go:173.2,173.15 1 7
nemith.io/netconf/session.go:173.15,176.3 1 7
nemith.io/netconf/session.go:178.2,179.61 2 7
nemith.io/netconf/session.go:179.61,181.3 1 1
nemith.io/netconf/session.go:183.2,183.30 1 6
nemith.io/netconf/session.go:183.30,185.3 1 1
nemith.io/netconf/session.go:187.2,187.38 1 5
nemith.io/netconf/session.go:187.38,189.3 1 1
nemith.io/netconf/session.go:191.2,196.70 3 4
nemith.io/netconf/session.go:196.70,197.56 1 2
nemith.io/netconf/session.go:197.56,199.4 1 0
nemith.io/netconf/session.go:202.2,202.12 1 4
nemith.io/netconf/session.go:207.38,209.2 1 0
nemith.io/netconf/session.go:212.47,214.2 1 0
nemith.io/netconf/session.go:218.47,220.2 1 0
nemith.io/netconf/session.go:224.62,225.6 1 2
nemith.io/netconf/session.go:225.6,227.17 2 2
nemith.io/netconf/session.go:227.17,229.4 1 0
nemith.io/netconf/session.go:231.3,231.46 1 2
nemith.io/netconf/session.go:231.46,233.4 1 2
nemith.io/netconf/session.go:250.37,252.19 2 4
nemith.io/netconf/session.go:252.19,255.3 2 2
nemith.io/netconf/session.go:256.2,256.12 1 4
nemith.io/netconf/session.go:261.30,265.6 2 3
nemith.io/netconf/session.go:265.6,266.40 1 5
nemith.io/netconf/session.go:266.40,269.9 2 3
nemith.io/netconf/session.go:274.2,275.29 2 3
nemith.io/netconf/session.go:275.29,277.3 1 1
nemith.io/netconf/session.go:278.2,284.14 4 3
nemith.io/netconf/session.go:284.14,286.3 1 1
nemith.io/netconf/session.go:289.44,290.29 1 1
nemith.io/netconf/session.go:290.29,291.38 1 2
nemith.io/netconf/session.go:291.38,293.4 1 1
nemith.io/netconf/session.go:295.2,295.11 1 0
nemith.io/netconf/session.go:298.45,300.16 2 5
nemith.io/netconf/session.go:300.16,302.3 1 3
nemith.io/netconf/session.go:303.2,303.15 1 2
nemith.io/netconf/session.go:303.15,306.3 1 2
nemith.io/netconf/session.go:309.2,310.43 2 2
nemith.io/netconf/session.go:310.43,312.3 1 0
nemith.io/netconf/session.go:314.2,318.16 4 2
nemith.io/netconf/session.go:318.16,320.3 1 0
nemith.io/netconf/session.go:322.2,324.24 2 2
nemith.io/netconf/session.go:325.61,327.18 2 1
nemith.io/netconf/session.go:327.18,330.4 2 0
nemith.io/netconf/session.go:332.3,337.10 5 1
nemith.io/netconf/session.go:337.10,340.4 2 0
nemith.io/netconf/session.go:342.3,349.10 3 1
nemith.io/netconf/session.go:354.5,357.14 2 1
nemith.io/netconf/session.go:359.25,360.14 1 0
nemith.io/netconf/session.go:363.69,364.28 1 1
nemith.io/netconf/session.go:364.28,367.4 2 0
nemith.io/netconf/session.go:370.3,382.13 5 1
nemith.io/netconf/session.go:384.10,385.79 1 0
nemith.io/netconf/session.go:391.77,397.56 2 1
nemith.io/netconf/session.go:397.56,399.3 1 0
nemith.io/netconf/session.go:402.2,402.63 1 1
nemith.io/netconf/session.go:402.63,404.3 1 0
nemith.io/netconf/session.go:407.42,409.2 1 2
nemith.io/netconf/session.go:413.42,414.25 1 2
nemith.io/netconf/session.go:414.25,417.3 2 2
nemith.io/netconf/session.go:419.2,419.12 1 2
nemith.io/netconf/session.go:423.71,431.8 5 2
nemith.io/netconf/session.go:431.8,434.3 2 0
nemith.io/netconf/session.go:436.2,443.15 3 2
nemith.io/netconf/session.go:443.15,447.3 3 2
nemith.io/netconf/session.go:449.2,450.16 2 2
nemith.io/netconf/session.go:450.16,452.3 1 0
nemith.io/netconf/session.go:453.2,453.54 1 2
nemith.io/netconf/session.go:453.54,456.3 2 0
nemith.io/netconf/session.go:457.2,457.34 1 2
nemith.io/netconf/session.go:457.34,459.3 1 0
nemith.io/netconf/session.go:462.2,462.9 1 2
nemith.io/netconf/session.go:463.24,464.10 1 2
nemith.io/netconf/session.go:464.10,466.4 1 1
nemith.io/netconf/session.go:467.3,467.19 1 1
nemith.io/netconf/session.go:468.20,469.24 1 0
nemith.io/netconf/session.go:475.70,478.16 3 0
nemith.io/netconf/session.go:478.16,480.3 1 0
nemith.io/netconf/session.go:481.2,481.15 1 0
nemith.io/netconf/session.go:481.15,483.3 1 0
nemith.io/netconf/session.go:485.2,486.16 2 0
nemith.io/netconf/session.go:486.16,488.3 1 0
nemith.io/netconf/session.go:490.2,491.54 2 0
nemith.io/netconf/session.go:491.54,493.3 1 0
nemith.io/netconf/session.go:495.2,496.24 2 0
nemith.io/netconf/session.go:496.24,498.3 1 0
nemith.io/netconf/session.go:500.2,500.18 1 0
nemith.io/netconf/session.go:500.18,501.51 1 0
nemith.io/netconf/session.go:501.51,503.4 1 0
nemith.io/netconf/session.go:506.2,506.12 1 0
nemith.io/netconf/session.go:511.52,526.17 8 2
nemith.io/netconf/session.go:526.17,528.3 1 1
nemith.io/netconf/session.go:531.2,534.34 1 2
nemith.io/netconf/session.go:534.34,536.3 1 0
nemith.io/netconf/session.go:538.2,538.12 1 2
